<?xml version="1.0" encoding="UTF-8" ?>
<testsuite failures="0" time="204.291" errors="0" skipped="0" tests="10" name="webdriver.groovydsl.UserActionsTest">
  <properties>
    <property name="java.runtime.name" value="Java(TM) SE Runtime Environment"/>
    <property name="sun.boot.library.path" value="/System/Library/Frameworks/JavaVM.framework/Versions/1.6.0/Libraries"/>
    <property name="java.vm.version" value="16.3-b01-279"/>
    <property name="awt.nativeDoubleBuffering" value="true"/>
    <property name="gopherProxySet" value="false"/>
    <property name="mrj.build" value="10M3065"/>
    <property name="java.vm.vendor" value="Apple Inc."/>
    <property name="java.vendor.url" value="http://www.apple.com/"/>
    <property name="path.separator" value=":"/>
    <property name="java.vm.name" value="Java HotSpot(TM) 64-Bit Server VM"/>
    <property name="file.encoding.pkg" value="sun.io"/>
    <property name="user.country" value="US"/>
    <property name="sun.java.launcher" value="SUN_STANDARD"/>
    <property name="sun.os.patch.level" value="unknown"/>
    <property name="java.vm.specification.name" value="Java Virtual Machine Specification"/>
    <property name="user.dir" value="/Users/richardnorth/workspace/webdriver-slimfixture"/>
    <property name="java.runtime.version" value="1.6.0_20-b02-279-10M3065"/>
    <property name="java.awt.graphicsenv" value="apple.awt.CGraphicsEnvironment"/>
    <property name="basedir" value="/Users/richardnorth/workspace/webdriver-slimfixture"/>
    <property name="java.endorsed.dirs" value="/System/Library/Frameworks/JavaVM.framework/Versions/1.6.0/Home/lib/endorsed"/>
    <property name="os.arch" value="x86_64"/>
    <property name="surefire.real.class.path" value="/var/folders/Gb/Gb+tdjluGiOqqOYeT3fBGE+++TI/-Tmp-/surefirebooter7988670152740174149.jar"/>
    <property name="java.io.tmpdir" value="/var/folders/Gb/Gb+tdjluGiOqqOYeT3fBGE+++TI/-Tmp-/"/>
    <property name="line.separator" value="
"/>
    <property name="java.vm.specification.vendor" value="Sun Microsystems Inc."/>
    <property name="os.name" value="Mac OS X"/>
    <property name="sun.jnu.encoding" value="MacRoman"/>
    <property name="java.library.path" value=".:/Library/Java/Extensions:/System/Library/Java/Extensions:/usr/lib/java"/>
    <property name="surefire.test.class.path" value="/Users/richardnorth/workspace/webdriver-slimfixture/target/test-classes:/Users/richardnorth/workspace/webdriver-slimfixture/target/classes:/Users/richardnorth/.m2/repository/org/seleniumhq/selenium/selenium/2.0a4/selenium-2.0a4.jar:/Users/richardnorth/.m2/repository/org/seleniumhq/selenium/selenium-chrome-driver/2.0a4/selenium-chrome-driver-2.0a4.jar:/Users/richardnorth/.m2/repository/org/seleniumhq/selenium/selenium-common/2.0a4/selenium-common-2.0a4.jar:/Users/richardnorth/.m2/repository/org/seleniumhq/selenium/selenium-remote-client/2.0a4/selenium-remote-client-2.0a4.jar:/Users/richardnorth/.m2/repository/org/seleniumhq/selenium/selenium-remote-common/2.0a4/selenium-remote-common-2.0a4.jar:/Users/richardnorth/.m2/repository/org/json/json/20080701/json-20080701.jar:/Users/richardnorth/.m2/repository/commons-codec/commons-codec/1.4/commons-codec-1.4.jar:/Users/richardnorth/.m2/repository/com/google/collections/google-collections/1.0/google-collections-1.0.jar:/Users/richardnorth/.m2/repository/commons-httpclient/commons-httpclient/3.1/commons-httpclient-3.1.jar:/Users/richardnorth/.m2/repository/commons-logging/commons-logging/1.1.1/commons-logging-1.1.1.jar:/Users/richardnorth/.m2/repository/org/seleniumhq/selenium/selenium-htmlunit-driver/2.0a4/selenium-htmlunit-driver-2.0a4.jar:/Users/richardnorth/.m2/repository/net/sourceforge/htmlunit/htmlunit/2.7/htmlunit-2.7.jar:/Users/richardnorth/.m2/repository/xalan/xalan/2.7.1/xalan-2.7.1.jar:/Users/richardnorth/.m2/repository/xalan/serializer/2.7.1/serializer-2.7.1.jar:/Users/richardnorth/.m2/repository/xml-apis/xml-apis/1.3.04/xml-apis-1.3.04.jar:/Users/richardnorth/.m2/repository/commons-collections/commons-collections/3.2.1/commons-collections-3.2.1.jar:/Users/richardnorth/.m2/repository/commons-lang/commons-lang/2.4/commons-lang-2.4.jar:/Users/richardnorth/.m2/repository/net/sourceforge/htmlunit/htmlunit-core-js/2.7/htmlunit-core-js-2.7.jar:/Users/richardnorth/.m2/repository/xerces/xercesImpl/2.9.1/xercesImpl-2.9.1.jar:/Users/richardnorth/.m2/repository/net/sourceforge/nekohtml/nekohtml/1.9.14/nekohtml-1.9.14.jar:/Users/richardnorth/.m2/repository/net/sourceforge/cssparser/cssparser/0.9.5/cssparser-0.9.5.jar:/Users/richardnorth/.m2/repository/org/w3c/css/sac/1.3/sac-1.3.jar:/Users/richardnorth/.m2/repository/commons-io/commons-io/1.4/commons-io-1.4.jar:/Users/richardnorth/.m2/repository/org/seleniumhq/selenium/selenium-firefox-driver/2.0a4/selenium-firefox-driver-2.0a4.jar:/Users/richardnorth/.m2/repository/org/seleniumhq/selenium/selenium-ie-driver/2.0a4/selenium-ie-driver-2.0a4.jar:/Users/richardnorth/.m2/repository/net/java/dev/jna/jna/3.2.2/jna-3.2.2.jar:/Users/richardnorth/.m2/repository/org/seleniumhq/selenium/selenium-support/2.0a4/selenium-support-2.0a4.jar:/Users/richardnorth/.m2/repository/org/hamcrest/hamcrest-all/1.1/hamcrest-all-1.1.jar:/Users/richardnorth/.m2/repository/junit/junit/4.8.1/junit-4.8.1.jar:/Users/richardnorth/.m2/repository/org/codehaus/gmaven/runtime/gmaven-runtime-1.7/1.2/gmaven-runtime-1.7-1.2.jar:/Users/richardnorth/.m2/repository/org/slf4j/slf4j-api/1.5.10/slf4j-api-1.5.10.jar:/Users/richardnorth/.m2/repository/org/codehaus/gmaven/feature/gmaven-feature-support/1.2/gmaven-feature-support-1.2.jar:/Users/richardnorth/.m2/repository/org/codehaus/gmaven/feature/gmaven-feature-api/1.2/gmaven-feature-api-1.2.jar:/Users/richardnorth/.m2/repository/org/codehaus/gmaven/runtime/gmaven-runtime-support/1.2/gmaven-runtime-support-1.2.jar:/Users/richardnorth/.m2/repository/org/codehaus/gmaven/runtime/gmaven-runtime-api/1.2/gmaven-runtime-api-1.2.jar:/Users/richardnorth/.m2/repository/org/sonatype/gshell/gshell-io/2.0/gshell-io-2.0.jar:/Users/richardnorth/.m2/repository/org/sonatype/gossip/gossip/1.0/gossip-1.0.jar:/Users/richardnorth/.m2/repository/org/codehaus/plexus/plexus-utils/1.5.5/plexus-utils-1.5.5.jar:/Users/richardnorth/.m2/repository/com/thoughtworks/qdox/qdox/1.8/qdox-1.8.jar:/Users/richardnorth/.m2/repository/org/codehaus/groovy/groovy-all/1.7-beta-2/groovy-all-1.7-beta-2.jar:/Users/richardnorth/.m2/repository/org/apache/ant/ant/1.7.1/ant-1.7.1.jar:/Users/richardnorth/.m2/repository/org/apache/ant/ant-launcher/1.7.1/ant-launcher-1.7.1.jar:/Users/richardnorth/.m2/repository/jline/jline/0.9.94/jline-0.9.94.jar:/Users/richardnorth/.m2/repository/org/mortbay/jetty/jetty/6.1.24/jetty-6.1.24.jar:/Users/richardnorth/.m2/repository/org/mortbay/jetty/jetty-util/6.1.24/jetty-util-6.1.24.jar:/Users/richardnorth/.m2/repository/org/mortbay/jetty/servlet-api/2.5-20081211/servlet-api-2.5-20081211.jar:/Users/richardnorth/.m2/repository/org/seleniumhq/selenium/selenium-server/2.0a4/selenium-server-2.0a4.jar:/Users/richardnorth/.m2/repository/ant/ant/1.6.5/ant-1.6.5.jar:/Users/richardnorth/.m2/repository/bouncycastle/bcprov-jdk15/135/bcprov-jdk15-135.jar:/Users/richardnorth/.m2/repository/mx4j/mx4j-tools/3.0.1/mx4j-tools-3.0.1.jar:"/>
    <property name="java.specification.name" value="Java Platform API Specification"/>
    <property name="java.class.version" value="50.0"/>
    <property name="sun.management.compiler" value="HotSpot 64-Bit Server Compiler"/>
    <property name="os.version" value="10.6.3"/>
    <property name="http.nonProxyHosts" value="local|*.local|169.254/16|*.169.254/16"/>
    <property name="user.home" value="/Users/richardnorth"/>
    <property name="user.timezone" value="Europe/London"/>
    <property name="java.awt.printerjob" value="apple.awt.CPrinterJob"/>
    <property name="java.specification.version" value="1.6"/>
    <property name="file.encoding" value="MacRoman"/>
    <property name="user.name" value="richardnorth"/>
    <property name="java.class.path" value="/Users/richardnorth/workspace/webdriver-slimfixture/target/test-classes:/Users/richardnorth/workspace/webdriver-slimfixture/target/classes:/Users/richardnorth/.m2/repository/org/seleniumhq/selenium/selenium/2.0a4/selenium-2.0a4.jar:/Users/richardnorth/.m2/repository/org/seleniumhq/selenium/selenium-chrome-driver/2.0a4/selenium-chrome-driver-2.0a4.jar:/Users/richardnorth/.m2/repository/org/seleniumhq/selenium/selenium-common/2.0a4/selenium-common-2.0a4.jar:/Users/richardnorth/.m2/repository/org/seleniumhq/selenium/selenium-remote-client/2.0a4/selenium-remote-client-2.0a4.jar:/Users/richardnorth/.m2/repository/org/seleniumhq/selenium/selenium-remote-common/2.0a4/selenium-remote-common-2.0a4.jar:/Users/richardnorth/.m2/repository/org/json/json/20080701/json-20080701.jar:/Users/richardnorth/.m2/repository/commons-codec/commons-codec/1.4/commons-codec-1.4.jar:/Users/richardnorth/.m2/repository/com/google/collections/google-collections/1.0/google-collections-1.0.jar:/Users/richardnorth/.m2/repository/commons-httpclient/commons-httpclient/3.1/commons-httpclient-3.1.jar:/Users/richardnorth/.m2/repository/commons-logging/commons-logging/1.1.1/commons-logging-1.1.1.jar:/Users/richardnorth/.m2/repository/org/seleniumhq/selenium/selenium-htmlunit-driver/2.0a4/selenium-htmlunit-driver-2.0a4.jar:/Users/richardnorth/.m2/repository/net/sourceforge/htmlunit/htmlunit/2.7/htmlunit-2.7.jar:/Users/richardnorth/.m2/repository/xalan/xalan/2.7.1/xalan-2.7.1.jar:/Users/richardnorth/.m2/repository/xalan/serializer/2.7.1/serializer-2.7.1.jar:/Users/richardnorth/.m2/repository/xml-apis/xml-apis/1.3.04/xml-apis-1.3.04.jar:/Users/richardnorth/.m2/repository/commons-collections/commons-collections/3.2.1/commons-collections-3.2.1.jar:/Users/richardnorth/.m2/repository/commons-lang/commons-lang/2.4/commons-lang-2.4.jar:/Users/richardnorth/.m2/repository/net/sourceforge/htmlunit/htmlunit-core-js/2.7/htmlunit-core-js-2.7.jar:/Users/richardnorth/.m2/repository/xerces/xercesImpl/2.9.1/xercesImpl-2.9.1.jar:/Users/richardnorth/.m2/repository/net/sourceforge/nekohtml/nekohtml/1.9.14/nekohtml-1.9.14.jar:/Users/richardnorth/.m2/repository/net/sourceforge/cssparser/cssparser/0.9.5/cssparser-0.9.5.jar:/Users/richardnorth/.m2/repository/org/w3c/css/sac/1.3/sac-1.3.jar:/Users/richardnorth/.m2/repository/commons-io/commons-io/1.4/commons-io-1.4.jar:/Users/richardnorth/.m2/repository/org/seleniumhq/selenium/selenium-firefox-driver/2.0a4/selenium-firefox-driver-2.0a4.jar:/Users/richardnorth/.m2/repository/org/seleniumhq/selenium/selenium-ie-driver/2.0a4/selenium-ie-driver-2.0a4.jar:/Users/richardnorth/.m2/repository/net/java/dev/jna/jna/3.2.2/jna-3.2.2.jar:/Users/richardnorth/.m2/repository/org/seleniumhq/selenium/selenium-support/2.0a4/selenium-support-2.0a4.jar:/Users/richardnorth/.m2/repository/org/hamcrest/hamcrest-all/1.1/hamcrest-all-1.1.jar:/Users/richardnorth/.m2/repository/junit/junit/4.8.1/junit-4.8.1.jar:/Users/richardnorth/.m2/repository/org/codehaus/gmaven/runtime/gmaven-runtime-1.7/1.2/gmaven-runtime-1.7-1.2.jar:/Users/richardnorth/.m2/repository/org/slf4j/slf4j-api/1.5.10/slf4j-api-1.5.10.jar:/Users/richardnorth/.m2/repository/org/codehaus/gmaven/feature/gmaven-feature-support/1.2/gmaven-feature-support-1.2.jar:/Users/richardnorth/.m2/repository/org/codehaus/gmaven/feature/gmaven-feature-api/1.2/gmaven-feature-api-1.2.jar:/Users/richardnorth/.m2/repository/org/codehaus/gmaven/runtime/gmaven-runtime-support/1.2/gmaven-runtime-support-1.2.jar:/Users/richardnorth/.m2/repository/org/codehaus/gmaven/runtime/gmaven-runtime-api/1.2/gmaven-runtime-api-1.2.jar:/Users/richardnorth/.m2/repository/org/sonatype/gshell/gshell-io/2.0/gshell-io-2.0.jar:/Users/richardnorth/.m2/repository/org/sonatype/gossip/gossip/1.0/gossip-1.0.jar:/Users/richardnorth/.m2/repository/org/codehaus/plexus/plexus-utils/1.5.5/plexus-utils-1.5.5.jar:/Users/richardnorth/.m2/repository/com/thoughtworks/qdox/qdox/1.8/qdox-1.8.jar:/Users/richardnorth/.m2/repository/org/codehaus/groovy/groovy-all/1.7-beta-2/groovy-all-1.7-beta-2.jar:/Users/richardnorth/.m2/repository/org/apache/ant/ant/1.7.1/ant-1.7.1.jar:/Users/richardnorth/.m2/repository/org/apache/ant/ant-launcher/1.7.1/ant-launcher-1.7.1.jar:/Users/richardnorth/.m2/repository/jline/jline/0.9.94/jline-0.9.94.jar:/Users/richardnorth/.m2/repository/org/mortbay/jetty/jetty/6.1.24/jetty-6.1.24.jar:/Users/richardnorth/.m2/repository/org/mortbay/jetty/jetty-util/6.1.24/jetty-util-6.1.24.jar:/Users/richardnorth/.m2/repository/org/mortbay/jetty/servlet-api/2.5-20081211/servlet-api-2.5-20081211.jar:/Users/richardnorth/.m2/repository/org/seleniumhq/selenium/selenium-server/2.0a4/selenium-server-2.0a4.jar:/Users/richardnorth/.m2/repository/ant/ant/1.6.5/ant-1.6.5.jar:/Users/richardnorth/.m2/repository/bouncycastle/bcprov-jdk15/135/bcprov-jdk15-135.jar:/Users/richardnorth/.m2/repository/mx4j/mx4j-tools/3.0.1/mx4j-tools-3.0.1.jar:"/>
    <property name="java.vm.specification.version" value="1.0"/>
    <property name="sun.arch.data.model" value="64"/>
    <property name="java.home" value="/System/Library/Frameworks/JavaVM.framework/Versions/1.6.0/Home"/>
    <property name="java.specification.vendor" value="Sun Microsystems Inc."/>
    <property name="user.language" value="en"/>
    <property name="awt.toolkit" value="apple.awt.CToolkit"/>
    <property name="java.vm.info" value="mixed mode"/>
    <property name="java.version" value="1.6.0_20"/>
    <property name="java.ext.dirs" value="/Library/Java/Extensions:/System/Library/Java/Extensions:/System/Library/Frameworks/JavaVM.framework/Versions/1.6.0/Home/lib/ext"/>
    <property name="sun.boot.class.path" value="/System/Library/Frameworks/JavaVM.framework/Versions/1.6.0/Classes/jsfd.jar:/System/Library/Frameworks/JavaVM.framework/Versions/1.6.0/Classes/classes.jar:/System/Library/Frameworks/JavaVM.framework/Frameworks/JavaRuntimeSupport.framework/Resources/Java/JavaRuntimeSupport.jar:/System/Library/Frameworks/JavaVM.framework/Versions/1.6.0/Classes/ui.jar:/System/Library/Frameworks/JavaVM.framework/Versions/1.6.0/Classes/laf.jar:/System/Library/Frameworks/JavaVM.framework/Versions/1.6.0/Classes/sunrsasign.jar:/System/Library/Frameworks/JavaVM.framework/Versions/1.6.0/Classes/jsse.jar:/System/Library/Frameworks/JavaVM.framework/Versions/1.6.0/Classes/jce.jar:/System/Library/Frameworks/JavaVM.framework/Versions/1.6.0/Classes/charsets.jar"/>
    <property name="java.vendor" value="Apple Inc."/>
    <property name="localRepository" value="/Users/richardnorth/.m2/repository"/>
    <property name="file.separator" value="/"/>
    <property name="java.vendor.url.bug" value="http://bugreport.apple.com/"/>
    <property name="sun.cpu.endian" value="little"/>
    <property name="sun.io.unicode.encoding" value="UnicodeLittle"/>
    <property name="mrj.version" value="1060.1.6.0_20-279"/>
    <property name="socksNonProxyHosts" value="local|*.local|169.254/16|*.169.254/16"/>
    <property name="ftp.nonProxyHosts" value="local|*.local|169.254/16|*.169.254/16"/>
    <property name="sun.cpu.isalist" value=""/>
  </properties>
  <testcase time="68.712" classname="webdriver.groovydsl.UserActionsTest" name="testBasicDsl"/>
  <testcase time="10.318" classname="webdriver.groovydsl.UserActionsTest" name="testTyping"/>
  <testcase time="11.373" classname="webdriver.groovydsl.UserActionsTest" name="testTypingAndClick"/>
  <testcase time="14.356" classname="webdriver.groovydsl.UserActionsTest" name="testTypingAndClickAndPageContains"/>
  <testcase time="10.62" classname="webdriver.groovydsl.UserActionsTest" name="testClickLink"/>
  <testcase time="7.415" classname="webdriver.groovydsl.UserActionsTest" name="testMarkedButton"/>
  <testcase time="10.881" classname="webdriver.groovydsl.UserActionsTest" name="testAfterPause"/>
  <testcase time="24.156" classname="webdriver.groovydsl.UserActionsTest" name="testComboBox"/>
  <testcase time="8.77" classname="webdriver.groovydsl.UserActionsTest" name="testGetLineNumbers"/>
  <testcase time="25.148" classname="webdriver.groovydsl.UserActionsTest" name="testLocationNarrowingRightOf"/>
</testsuite>